Created time: 19:05:32 Time Zone 07:00:00
Msg: One or more compilation failures occurred:
C:\Users\KHIEM\Documents\Projects\Jobs\Transoft\WashMachine\WashMachine\WashMachine.Web\Areas\Administrator\Views\Shops\ShopEditor.cshtml(142,44): error CS1061: 'ShopModel' does not contain a definition for 'DollarCom' and no extension method 'DollarCom' accepting a first argument of type 'ShopModel' could be found (are you missing a using directive or an assembly reference?)
C:\Users\KHIEM\Documents\Projects\Jobs\Transoft\WashMachine\WashMachine\WashMachine.Web\Areas\Administrator\Views\Shops\ShopEditor.cshtml(148,81): error CS1061: 'ShopModel' does not contain a definition for 'DollarCom' and no extension method 'DollarCom' accepting a first argument of type 'ShopModel' could be found (are you missing a using directive or an assembly reference?)
C:\Users\KHIEM\Documents\Projects\Jobs\Transoft\WashMachine\WashMachine\WashMachine.Web\Areas\Administrator\Views\Shops\ShopEditor.cshtml(156,81): error CS1061: 'ShopModel' does not contain a definition for 'DollarCom' and no extension method 'DollarCom' accepting a first argument of type 'ShopModel' could be found (are you missing a using directive or an assembly reference?)
C:\Users\KHIEM\Documents\Projects\Jobs\Transoft\WashMachine\WashMachine\WashMachine.Web\Areas\Administrator\Views\Shops\ShopEditor.cshtml(164,81): error CS1061: 'ShopModel' does not contain a definition for 'DollarCom' and no extension method 'DollarCom' accepting a first argument of type 'ShopModel' could be found (are you missing a using directive or an assembly reference?)
C:\Users\KHIEM\Documents\Projects\Jobs\Transoft\WashMachine\WashMachine\WashMachine.Web\Areas\Administrator\Views\Shops\ShopEditor.cshtml(171,91): error CS1061: 'ShopModel' does not contain a definition for 'DollarCom' and no extension method 'DollarCom' accepting a first argument of type 'ShopModel' could be found (are you missing a using directive or an assembly reference?)
C:\Users\KHIEM\Documents\Projects\Jobs\Transoft\WashMachine\WashMachine\WashMachine.Web\Areas\Administrator\Views\Shops\ShopEditor.cshtml(181,81): error CS1061: 'ShopModel' does not contain a definition for 'DollarCom' and no extension method 'DollarCom' accepting a first argument of type 'ShopModel' could be found (are you missing a using directive or an assembly reference?)
C:\Users\KHIEM\Documents\Projects\Jobs\Transoft\WashMachine\WashMachine\WashMachine.Web\Areas\Administrator\Views\Shops\ShopEditor.cshtml(189,81): error CS1061: 'ShopModel' does not contain a definition for 'DollarCom' and no extension method 'DollarCom' accepting a first argument of type 'ShopModel' could be found (are you missing a using directive or an assembly reference?)
C:\Users\KHIEM\Documents\Projects\Jobs\Transoft\WashMachine\WashMachine\WashMachine.Web\Areas\Administrator\Views\Shops\ShopEditor.cshtml(195,91): error CS1061: 'ShopModel' does not contain a definition for 'DollarCom' and no extension method 'DollarCom' accepting a first argument of type 'ShopModel' could be found (are you missing a using directive or an assembly reference?)
C:\Users\KHIEM\Documents\Projects\Jobs\Transoft\WashMachine\WashMachine\WashMachine.Web\Areas\Administrator\Views\Shops\ShopEditor.cshtml(210,45): error CS1061: 'ShopModel' does not contain a definition for 'CouponCom' and no extension method 'CouponCom' accepting a first argument of type 'ShopModel' could be found (are you missing a using directive or an assembly reference?)
C:\Users\KHIEM\Documents\Projects\Jobs\Transoft\WashMachine\WashMachine\WashMachine.Web\Areas\Administrator\Views\Shops\ShopEditor.cshtml(216,81): error CS1061: 'ShopModel' does not contain a definition for 'CouponCom' and no extension method 'CouponCom' accepting a first argument of type 'ShopModel' could be found (are you missing a using directive or an assembly reference?)
C:\Users\KHIEM\Documents\Projects\Jobs\Transoft\WashMachine\WashMachine\WashMachine.Web\Areas\Administrator\Views\Shops\ShopEditor.cshtml(224,81): error CS1061: 'ShopModel' does not contain a definition for 'CouponCom' and no extension method 'CouponCom' accepting a first argument of type 'ShopModel' could be found (are you missing a using directive or an assembly reference?)
C:\Users\KHIEM\Documents\Projects\Jobs\Transoft\WashMachine\WashMachine\WashMachine.Web\Areas\Administrator\Views\Shops\ShopEditor.cshtml(232,81): error CS1061: 'ShopModel' does not contain a definition for 'CouponCom' and no extension method 'CouponCom' accepting a first argument of type 'ShopModel' could be found (are you missing a using directive or an assembly reference?)
C:\Users\KHIEM\Documents\Projects\Jobs\Transoft\WashMachine\WashMachine\WashMachine.Web\Areas\Administrator\Views\Shops\ShopEditor.cshtml(239,91): error CS1061: 'ShopModel' does not contain a definition for 'CouponCom' and no extension method 'CouponCom' accepting a first argument of type 'ShopModel' could be found (are you missing a using directive or an assembly reference?)
C:\Users\KHIEM\Documents\Projects\Jobs\Transoft\WashMachine\WashMachine\WashMachine.Web\Areas\Administrator\Views\Shops\ShopEditor.cshtml(249,81): error CS1061: 'ShopModel' does not contain a definition for 'CouponCom' and no extension method 'CouponCom' accepting a first argument of type 'ShopModel' could be found (are you missing a using directive or an assembly reference?)
C:\Users\KHIEM\Documents\Projects\Jobs\Transoft\WashMachine\WashMachine\WashMachine.Web\Areas\Administrator\Views\Shops\ShopEditor.cshtml(257,81): error CS1061: 'ShopModel' does not contain a definition for 'CouponCom' and no extension method 'CouponCom' accepting a first argument of type 'ShopModel' could be found (are you missing a using directive or an assembly reference?)
C:\Users\KHIEM\Documents\Projects\Jobs\Transoft\WashMachine\WashMachine\WashMachine.Web\Areas\Administrator\Views\Shops\ShopEditor.cshtml(263,91): error CS1061: 'ShopModel' does not contain a definition for 'CouponCom' and no extension method 'CouponCom' accepting a first argument of type 'ShopModel' could be found (are you missing a using directive or an assembly reference?)
C:\Users\KHIEM\Documents\Projects\Jobs\Transoft\WashMachine\WashMachine\WashMachine.Web\Areas\Administrator\Views\Shops\ShopEditor.cshtml(278,45): error CS1061: 'ShopModel' does not contain a definition for 'OctopusCom' and no extension method 'OctopusCom' accepting a first argument of type 'ShopModel' could be found (are you missing a using directive or an assembly reference?)
C:\Users\KHIEM\Documents\Projects\Jobs\Transoft\WashMachine\WashMachine\WashMachine.Web\Areas\Administrator\Views\Shops\ShopEditor.cshtml(284,81): error CS1061: 'ShopModel' does not contain a definition for 'OctopusCom' and no extension method 'OctopusCom' accepting a first argument of type 'ShopModel' could be found (are you missing a using directive or an assembly reference?)
C:\Users\KHIEM\Documents\Projects\Jobs\Transoft\WashMachine\WashMachine\WashMachine.Web\Areas\Administrator\Views\Shops\ShopEditor.cshtml(292,81): error CS1061: 'ShopModel' does not contain a definition for 'OctopusCom' and no extension method 'OctopusCom' accepting a first argument of type 'ShopModel' could be found (are you missing a using directive or an assembly reference?)
C:\Users\KHIEM\Documents\Projects\Jobs\Transoft\WashMachine\WashMachine\WashMachine.Web\Areas\Administrator\Views\Shops\ShopEditor.cshtml(300,81): error CS1061: 'ShopModel' does not contain a definition for 'OctopusCom' and no extension method 'OctopusCom' accepting a first argument of type 'ShopModel' could be found (are you missing a using directive or an assembly reference?)
C:\Users\KHIEM\Documents\Projects\Jobs\Transoft\WashMachine\WashMachine\WashMachine.Web\Areas\Administrator\Views\Shops\ShopEditor.cshtml(307,91): error CS1061: 'ShopModel' does not contain a definition for 'OctopusCom' and no extension method 'OctopusCom' accepting a first argument of type 'ShopModel' could be found (are you missing a using directive or an assembly reference?)
C:\Users\KHIEM\Documents\Projects\Jobs\Transoft\WashMachine\WashMachine\WashMachine.Web\Areas\Administrator\Views\Shops\ShopEditor.cshtml(317,81): error CS1061: 'ShopModel' does not contain a definition for 'OctopusCom' and no extension method 'OctopusCom' accepting a first argument of type 'ShopModel' could be found (are you missing a using directive or an assembly reference?)
C:\Users\KHIEM\Documents\Projects\Jobs\Transoft\WashMachine\WashMachine\WashMachine.Web\Areas\Administrator\Views\Shops\ShopEditor.cshtml(325,81): error CS1061: 'ShopModel' does not contain a definition for 'OctopusCom' and no extension method 'OctopusCom' accepting a first argument of type 'ShopModel' could be found (are you missing a using directive or an assembly reference?)
C:\Users\KHIEM\Documents\Projects\Jobs\Transoft\WashMachine\WashMachine\WashMachine.Web\Areas\Administrator\Views\Shops\ShopEditor.cshtml(331,91): error CS1061: 'ShopModel' does not contain a definition for 'OctopusCom' and no extension method 'OctopusCom' accepting a first argument of type 'ShopModel' could be found (are you missing a using directive or an assembly reference?) Time: 2025/01/03 19:05:32 IP: 0.0.0.0
Url: http://localhost:51758/administrator/shops/shopeditor/1002?backlink=%2fadministrator%2fshops%2flistshops
StackTrace:    at Microsoft.AspNetCore.Mvc.Razor.Internal.RazorViewCompiler.CompileAndEmit(RazorCodeDocument codeDocument, String generatedCode)
   at Microsoft.AspNetCore.Mvc.Razor.Internal.RazorViewCompiler.CompileAndEmit(String relativePath)
   at Microsoft.AspNetCore.Mvc.Razor.Internal.RazorViewCompiler.OnCacheMiss(String normalizedPath)
--- End of stack trace from previous location where exception was thrown ---
   at Microsoft.AspNetCore.Mvc.Razor.Internal.DefaultRazorPageFactoryProvider.CreateFactory(String relativePath)
   at Microsoft.AspNetCore.Mvc.Razor.RazorViewEngine.CreateCacheResult(HashSet`1 expirationTokens, String relativePath, Boolean isMainPage)
   at Microsoft.AspNetCore.Mvc.Razor.RazorViewEngine.OnCacheMiss(ViewLocationExpanderContext expanderContext, ViewLocationCacheKey cacheKey)
   at Microsoft.AspNetCore.Mvc.Razor.RazorViewEngine.LocatePageFromViewLocations(ActionContext actionContext, String pageName, Boolean isMainPage)
   at Microsoft.AspNetCore.Mvc.Razor.RazorViewEngine.FindView(ActionContext context, String viewName, Boolean isMainPage)
   at Microsoft.AspNetCore.Mvc.ViewEngines.CompositeViewEngine.FindView(ActionContext context, String viewName, Boolean isMainPage)
   at Microsoft.AspNetCore.Mvc.ViewFeatures.ViewResultExecutor.FindView(ActionContext actionContext, ViewResult viewResult)
   at Microsoft.AspNetCore.Mvc.ViewFeatures.ViewResultExecutor.ExecuteAsync(ActionContext context, ViewResult result)
   at Microsoft.AspNetCore.Mvc.ViewResult.ExecuteResultAsync(ActionContext context)
   at Microsoft.AspNetCore.Mvc.Internal.ResourceInvoker.InvokeResultAsync(IActionResult result)
   at Microsoft.AspNetCore.Mvc.Internal.ResourceInvoker.InvokeNextResultFilterAsync[TFilter,TFilterAsync]()
   at Microsoft.AspNetCore.Mvc.Internal.ResourceInvoker.Rethrow(ResultExecutedContext context)
   at Microsoft.AspNetCore.Mvc.Internal.ResourceInvoker.ResultNext[TFilter,TFilterAsync](State& next, Scope& scope, Object& state, Boolean& isCompleted)
   at Microsoft.AspNetCore.Mvc.Internal.ResourceInvoker.InvokeResultFilters()
   at Microsoft.AspNetCore.Mvc.Internal.ResourceInvoker.InvokeNextResourceFilter()
   at Microsoft.AspNetCore.Mvc.Internal.ResourceInvoker.Rethrow(ResourceExecutedContext context)
   at Microsoft.AspNetCore.Mvc.Internal.ResourceInvoker.Next(State& next, Scope& scope, Object& state, Boolean& isCompleted)
   at Microsoft.AspNetCore.Mvc.Internal.ResourceInvoker.InvokeFilterPipelineAsync()
   at Microsoft.AspNetCore.Mvc.Internal.ResourceInvoker.InvokeAsync()
   at Microsoft.AspNetCore.Builder.RouterMiddleware.Invoke(HttpContext httpContext)
   at Microsoft.AspNetCore.Diagnostics.ExceptionHandlerMiddleware.Invoke(HttpContext context)
Msg: Cannot insert the value NULL into column 'ComType', table 'Money2Coins.dbo.ShopCom'; column does not allow nulls. INSERT fails.
The statement has been terminated. Time: 2025/01/03 21:50:24 IP: 0.0.0.0
Url: http://localhost:51758/administrator/shops/shopeditor/1002?backlink=%2fadministrator%2fshops%2flistshops
StackTrace:    at System.Data.SqlClient.SqlConnection.OnError(SqlException exception, Boolean breakConnection, Action`1 wrapCloseInAction)
   at System.Data.SqlClient.SqlInternalConnection.OnError(SqlException exception, Boolean breakConnection, Action`1 wrapCloseInAction)
   at System.Data.SqlClient.TdsParser.ThrowExceptionAndWarning(TdsParserStateObject stateObj, Boolean callerHasConnectionLock, Boolean asyncClose)
   at System.Data.SqlClient.TdsParser.TryRun(RunBehavior runBehavior, SqlCommand cmdHandler, SqlDataReader dataStream, BulkCopySimpleResultSet bulkCopyHandler, TdsParserStateObject stateObj, Boolean& dataReady)
   at System.Data.SqlClient.SqlDataReader.TryConsumeMetaData()
   at System.Data.SqlClient.SqlDataReader.get_MetaData()
   at System.Data.SqlClient.SqlCommand.FinishExecuteReader(SqlDataReader ds, RunBehavior runBehavior, String resetOptionsString)
   at System.Data.SqlClient.SqlCommand.RunExecuteReaderTds(CommandBehavior cmdBehavior, RunBehavior runBehavior, Boolean returnStream, Boolean async, Int32 timeout, Task& task, Boolean asyncWrite, SqlDataReader ds)
   at System.Data.SqlClient.SqlCommand.RunExecuteReader(CommandBehavior cmdBehavior, RunBehavior runBehavior, Boolean returnStream, TaskCompletionSource`1 completion, Int32 timeout, Task& task, Boolean asyncWrite, String method)
   at System.Data.SqlClient.SqlCommand.ExecuteReader(CommandBehavior behavior)
   at System.Data.SqlClient.SqlCommand.ExecuteDbDataReader(CommandBehavior behavior)
   at System.Data.Common.DbCommand.ExecuteReader()
   at Microsoft.EntityFrameworkCore.Storage.Internal.RelationalCommand.Execute(IRelationalConnection connection, DbCommandMethod executeMethod, IReadOnlyDictionary`2 parameterValues)
   at Microsoft.EntityFrameworkCore.Storage.Internal.RelationalCommand.ExecuteReader(IRelationalConnection connection, IReadOnlyDictionary`2 parameterValues)
   at Microsoft.EntityFrameworkCore.Update.ReaderModificationCommandBatch.Execute(IRelationalConnection connection)
